android/app/build/intermediates/manifest_merge_blame_file/debug/manifest-merger-blame-debug-report.txt
1<?xml version="1.0" encoding="utf-8"?>
2<manifest xmlns:android="http://schemas.android.com/apk/res/android"
3    package="com.parallelspace"
4    android:versionCode="1"
5    android:versionName="1.0" >
6
7    <uses-sdk
8        android:minSdkVersion="16"
9        android:targetSdkVersion="29" />
10
11    <uses-permission android:name="android.permission.SYSTEM_ALERT_WINDOW" />
11-->src\debug\AndroidManifest.xml:5:5-77
11-->src\debug\AndroidManifest.xml:5:22-75
12    <uses-permission android:name="android.permission.INTERNET" />
12-->src\main\AndroidManifest.xml:4:5-67
12-->src\main\AndroidManifest.xml:4:22-64
13    <uses-permission android:name="android.permission.ACCESS_WIFI_STATE" />
13-->[com.facebook.flipper:flipper:0.37.0] AndroidManifest.xml:16:5-76
13-->[com.facebook.flipper:flipper:0.37.0] AndroidManifest.xml:16:22-73
14    <uses-permission android:name="android.permission.WAKE_LOCK" />
14-->[:react-native-firebase_auth] AndroidManifest.xml:12:5-68
14-->[:react-native-firebase_auth] AndroidManifest.xml:12:22-65
15    <uses-permission android:name="android.permission.ACCESS_NETWORK_STATE" /> <!-- Required by older versions of Google Play services to create IID tokens -->
15-->[:react-native-firebase_auth] AndroidManifest.xml:13:5-79
15-->[:react-native-firebase_auth] AndroidManifest.xml:13:22-76
16    <uses-permission android:name="com.google.android.c2dm.permission.RECEIVE" />
16-->[com.google.firebase:firebase-iid:20.1.5] AndroidManifest.xml:26:5-82
16-->[com.google.firebase:firebase-iid:20.1.5] AndroidManifest.xml:26:22-79
17    <uses-permission android:name="com.google.android.finsky.permission.BIND_GET_INSTALL_REFERRER_SERVICE" />
17-->[com.google.android.gms:play-services-measurement:17.4.3] AndroidManifest.xml:26:5-110
17-->[com.google.android.gms:play-services-measurement:17.4.3] AndroidManifest.xml:26:22-107
18
19    <application
19-->src\main\AndroidManifest.xml:6:5-25:19
20        android:name="com.parallelspace.MainApplication"
20-->src\main\AndroidManifest.xml:7:7-38
21        android:allowBackup="false"
21-->src\main\AndroidManifest.xml:11:7-34
22        android:appComponentFactory="androidx.core.app.CoreComponentFactory"
22-->[androidx.core:core:1.1.0] AndroidManifest.xml:24:18-86
23        android:debuggable="true"
24        android:icon="@mipmap/ic_launcher"
24-->src\main\AndroidManifest.xml:9:7-41
25        android:label="@string/app_name"
25-->src\main\AndroidManifest.xml:8:7-39
26        android:roundIcon="@mipmap/ic_launcher_round"
26-->src\main\AndroidManifest.xml:10:7-52
27        android:theme="@style/AppTheme"
27-->src\main\AndroidManifest.xml:12:7-38
28        android:usesCleartextTraffic="true" >
28-->src\debug\AndroidManifest.xml:7:18-53
29        <activity
29-->src\main\AndroidManifest.xml:13:7-23:18
30            android:name="com.parallelspace.MainActivity"
30-->src\main\AndroidManifest.xml:14:9-37
31            android:configChanges="keyboard|keyboardHidden|orientation|screenSize|uiMode"
31-->src\main\AndroidManifest.xml:16:9-86
32            android:label="@string/app_name"
32-->src\main\AndroidManifest.xml:15:9-41
33            android:launchMode="singleTask"
33-->src\main\AndroidManifest.xml:17:9-40
34            android:windowSoftInputMode="adjustResize" >
34-->src\main\AndroidManifest.xml:18:9-51
35            <intent-filter>
35-->src\main\AndroidManifest.xml:19:9-22:25
36                <action android:name="android.intent.action.MAIN" />
36-->src\main\AndroidManifest.xml:20:13-65
36-->src\main\AndroidManifest.xml:20:21-62
37
38                <category android:name="android.intent.category.LAUNCHER" />
38-->src\main\AndroidManifest.xml:21:13-73
38-->src\main\AndroidManifest.xml:21:23-70
39            </intent-filter>
40        </activity>
41        <activity android:name="com.facebook.react.devsupport.DevSettingsActivity" />
41-->src\main\AndroidManifest.xml:24:7-84
41-->src\main\AndroidManifest.xml:24:17-81
42
43        <service
43-->[com.google.firebase:firebase-firestore:21.4.3] AndroidManifest.xml:17:9-23:19
44            android:name="com.google.firebase.components.ComponentDiscoveryService"
44-->[com.google.firebase:firebase-firestore:21.4.3] AndroidManifest.xml:18:13-84
45            android:directBootAware="true"
45-->[com.google.firebase:firebase-common:19.3.0] AndroidManifest.xml:34:13-43
46            android:exported="false" >
46-->[com.google.firebase:firebase-firestore:21.4.3] AndroidManifest.xml:19:13-37
47            <meta-data
47-->[com.google.firebase:firebase-firestore:21.4.3] AndroidManifest.xml:20:13-22:85
48                android:name="com.google.firebase.components:com.google.firebase.firestore.FirestoreRegistrar"
48-->[com.google.firebase:firebase-firestore:21.4.3] AndroidManifest.xml:21:17-111
49                android:value="com.google.firebase.components.ComponentRegistrar" />
49-->[com.google.firebase:firebase-firestore:21.4.3] AndroidManifest.xml:22:17-82
50            <meta-data
50-->[com.google.firebase:firebase-auth:19.3.1] AndroidManifest.xml:36:13-38:85
51                android:name="com.google.firebase.components:com.google.firebase.auth.FirebaseAuthRegistrar"
51-->[com.google.firebase:firebase-auth:19.3.1] AndroidManifest.xml:37:17-109
52                android:value="com.google.firebase.components.ComponentRegistrar" />
52-->[com.google.firebase:firebase-auth:19.3.1] AndroidManifest.xml:38:17-82
53            <meta-data
53-->[com.google.firebase:firebase-database:19.3.1] AndroidManifest.xml:32:13-34:85
54                android:name="com.google.firebase.components:com.google.firebase.database.DatabaseRegistrar"
54-->[com.google.firebase:firebase-database:19.3.1] AndroidManifest.xml:33:17-109
55                android:value="com.google.firebase.components.ComponentRegistrar" />
55-->[com.google.firebase:firebase-database:19.3.1] AndroidManifest.xml:34:17-82
56            <meta-data
56-->[com.google.android.gms:play-services-measurement-api:17.4.3] AndroidManifest.xml:30:13-32:85
57                android:name="com.google.firebase.components:com.google.firebase.analytics.connector.internal.AnalyticsConnectorRegistrar"
57-->[com.google.android.gms:play-services-measurement-api:17.4.3] AndroidManifest.xml:31:17-139
58                android:value="com.google.firebase.components.ComponentRegistrar" />
58-->[com.google.android.gms:play-services-measurement-api:17.4.3] AndroidManifest.xml:32:17-82
59            <meta-data
59-->[com.google.firebase:firebase-iid:20.1.5] AndroidManifest.xml:32:13-34:85
60                android:name="com.google.firebase.components:com.google.firebase.iid.Registrar"
60-->[com.google.firebase:firebase-iid:20.1.5] AndroidManifest.xml:33:17-96
61                android:value="com.google.firebase.components.ComponentRegistrar" />
61-->[com.google.firebase:firebase-iid:20.1.5] AndroidManifest.xml:34:17-82
62            <meta-data
62-->[com.google.firebase:firebase-installations:16.2.1] AndroidManifest.xml:17:13-19:85
63                android:name="com.google.firebase.components:com.google.firebase.installations.FirebaseInstallationsRegistrar"
63-->[com.google.firebase:firebase-installations:16.2.1] AndroidManifest.xml:18:17-127
64                android:value="com.google.firebase.components.ComponentRegistrar" />
64-->[com.google.firebase:firebase-installations:16.2.1] AndroidManifest.xml:19:17-82
65        </service>
66
67        <activity
67-->[com.google.firebase:firebase-auth:19.3.1] AndroidManifest.xml:24:9-31:50
68            android:name="com.google.firebase.auth.internal.FederatedSignInActivity"
68-->[com.google.firebase:firebase-auth:19.3.1] AndroidManifest.xml:25:13-85
69            android:excludeFromRecents="true"
69-->[com.google.firebase:firebase-auth:19.3.1] AndroidManifest.xml:26:13-46
70            android:exported="true"
70-->[com.google.firebase:firebase-auth:19.3.1] AndroidManifest.xml:27:13-36
71            android:launchMode="singleTask"
71-->[com.google.firebase:firebase-auth:19.3.1] AndroidManifest.xml:28:13-44
72            android:permission="com.google.firebase.auth.api.gms.permission.LAUNCH_FEDERATED_SIGN_IN"
72-->[com.google.firebase:firebase-auth:19.3.1] AndroidManifest.xml:29:13-102
73            android:theme="@android:style/Theme.Translucent.NoTitleBar" />
73-->[com.google.firebase:firebase-auth:19.3.1] AndroidManifest.xml:30:13-72
74
75        <receiver
75-->[com.google.firebase:firebase-iid:20.1.5] AndroidManifest.xml:37:9-44:20
76            android:name="com.google.firebase.iid.FirebaseInstanceIdReceiver"
76-->[com.google.firebase:firebase-iid:20.1.5] AndroidManifest.xml:38:13-78
77            android:exported="true"
77-->[com.google.firebase:firebase-iid:20.1.5] AndroidManifest.xml:39:13-36
78            android:permission="com.google.android.c2dm.permission.SEND" >
78-->[com.google.firebase:firebase-iid:20.1.5] AndroidManifest.xml:40:13-73
79            <intent-filter>
79-->[com.google.firebase:firebase-iid:20.1.5] AndroidManifest.xml:41:13-43:29
80                <action android:name="com.google.android.c2dm.intent.RECEIVE" />
80-->[com.google.firebase:firebase-iid:20.1.5] AndroidManifest.xml:42:17-81
80-->[com.google.firebase:firebase-iid:20.1.5] AndroidManifest.xml:42:25-78
81            </intent-filter>
82        </receiver>
83
84        <activity
84-->[com.google.android.gms:play-services-base:17.1.0] AndroidManifest.xml:23:9-26:75
85            android:name="com.google.android.gms.common.api.GoogleApiActivity"
85-->[com.google.android.gms:play-services-base:17.1.0] AndroidManifest.xml:24:13-79
86            android:exported="false"
86-->[com.google.android.gms:play-services-base:17.1.0] AndroidManifest.xml:25:13-37
87            android:theme="@android:style/Theme.Translucent.NoTitleBar" />
87-->[com.google.android.gms:play-services-base:17.1.0] AndroidManifest.xml:26:13-72
88
89        <provider
89-->[com.google.firebase:firebase-common:19.3.0] AndroidManifest.xml:26:9-30:39
90            android:name="com.google.firebase.provider.FirebaseInitProvider"
90-->[com.google.firebase:firebase-common:19.3.0] AndroidManifest.xml:27:13-77
91            android:authorities="com.parallelspace.firebaseinitprovider"
91-->[com.google.firebase:firebase-common:19.3.0] AndroidManifest.xml:28:13-72
92            android:exported="false"
92-->[com.google.firebase:firebase-common:19.3.0] AndroidManifest.xml:29:13-37
93            android:initOrder="100" />
93-->[com.google.firebase:firebase-common:19.3.0] AndroidManifest.xml:30:13-36
94
95        <receiver
95-->[com.google.android.gms:play-services-measurement:17.4.3] AndroidManifest.xml:29:9-33:20
96            android:name="com.google.android.gms.measurement.AppMeasurementReceiver"
96-->[com.google.android.gms:play-services-measurement:17.4.3] AndroidManifest.xml:30:13-85
97            android:enabled="true"
97-->[com.google.android.gms:play-services-measurement:17.4.3] AndroidManifest.xml:31:13-35
98            android:exported="false" >
98-->[com.google.android.gms:play-services-measurement:17.4.3] AndroidManifest.xml:32:13-37
99        </receiver>
100
101        <service
101-->[com.google.android.gms:play-services-measurement:17.4.3] AndroidManifest.xml:35:9-38:40
102            android:name="com.google.android.gms.measurement.AppMeasurementService"
102-->[com.google.android.gms:play-services-measurement:17.4.3] AndroidManifest.xml:36:13-84
103            android:enabled="true"
103-->[com.google.android.gms:play-services-measurement:17.4.3] AndroidManifest.xml:37:13-35
104            android:exported="false" />
104-->[com.google.android.gms:play-services-measurement:17.4.3] AndroidManifest.xml:38:13-37
105        <service
105-->[com.google.android.gms:play-services-measurement:17.4.3] AndroidManifest.xml:39:9-43:72
106            android:name="com.google.android.gms.measurement.AppMeasurementJobService"
106-->[com.google.android.gms:play-services-measurement:17.4.3] AndroidManifest.xml:40:13-87
107            android:enabled="true"
107-->[com.google.android.gms:play-services-measurement:17.4.3] AndroidManifest.xml:41:13-35
108            android:exported="false"
108-->[com.google.android.gms:play-services-measurement:17.4.3] AndroidManifest.xml:42:13-37
109            android:permission="android.permission.BIND_JOB_SERVICE" />
109-->[com.google.android.gms:play-services-measurement:17.4.3] AndroidManifest.xml:43:13-69
110
111        <meta-data
111-->[com.google.android.gms:play-services-basement:17.0.0] AndroidManifest.xml:23:9-25:69
112            android:name="com.google.android.gms.version"
112-->[com.google.android.gms:play-services-basement:17.0.0] AndroidManifest.xml:24:13-58
113            android:value="@integer/google_play_services_version" />
113-->[com.google.android.gms:play-services-basement:17.0.0] AndroidManifest.xml:25:13-66
114    </application>
115
116</manifest>